2018-02-19 21:40:50,235:INFO: Creating the datasets...
2018-02-19 21:43:03,549:INFO: Creating the datasets...
2018-02-19 21:43:32,023:INFO: Creating the datasets...
2018-02-19 21:45:24,409:INFO: Creating the datasets...
2018-02-19 21:48:04,116:INFO: Creating the datasets...
2018-02-19 21:57:33,312:INFO: Creating the datasets...
2018-02-19 22:03:44,568:INFO: Creating the datasets...
2018-02-19 22:37:13,724:INFO: Creating the datasets...
2018-02-19 22:38:12,845:INFO: Creating the datasets...
2018-02-19 22:39:55,580:INFO: Creating the datasets...
2018-02-19 22:43:42,428:INFO: Creating the datasets...
2018-02-19 22:45:48,726:INFO: Creating the datasets...
2018-02-19 22:48:14,968:INFO: Creating the datasets...
2018-02-19 22:48:38,551:INFO: - done.
2018-02-19 22:48:38,551:INFO: Loading word embeddings...
2018-02-19 22:49:13,078:INFO: - done.
2018-02-19 22:49:13,078:INFO: Creating the model...
2018-02-19 22:51:16,505:INFO: Creating the datasets...
2018-02-19 22:51:39,922:INFO: - done.
2018-02-19 22:51:39,922:INFO: Loading word embeddings...
2018-02-19 22:52:13,775:INFO: - done.
2018-02-19 22:52:13,775:INFO: Creating the model...
2018-02-19 22:54:22,920:INFO: Creating the datasets...
2018-02-19 22:54:46,431:INFO: - done.
2018-02-19 22:54:46,431:INFO: Loading word embeddings...
2018-02-19 22:55:20,427:INFO: - done.
2018-02-19 22:55:20,428:INFO: Creating the model...
2018-02-19 22:59:12,854:INFO: Creating the datasets...
2018-02-19 22:59:39,080:INFO: - done.
2018-02-19 22:59:39,080:INFO: Loading word embeddings...
2018-02-19 23:00:12,609:INFO: - done.
2018-02-19 23:00:12,609:INFO: Creating the model...
2018-02-19 23:01:45,573:INFO: Creating the datasets...
2018-02-19 23:02:08,247:INFO: - done.
2018-02-19 23:02:08,248:INFO: Loading word embeddings...
2018-02-19 23:02:41,928:INFO: - done.
2018-02-19 23:02:41,928:INFO: Creating the model...
2018-02-19 23:05:44,529:INFO: Creating the datasets...
2018-02-19 23:06:07,796:INFO: - done.
2018-02-19 23:06:07,796:INFO: Loading word embeddings...
2018-02-19 23:06:42,089:INFO: - done.
2018-02-19 23:06:42,089:INFO: Creating the model...
2018-02-19 23:10:04,022:INFO: Creating the datasets...
2018-02-19 23:10:31,357:INFO: - done.
2018-02-19 23:10:31,357:INFO: Loading word embeddings...
2018-02-19 23:11:05,230:INFO: - done.
2018-02-19 23:11:05,231:INFO: Creating the model...
2018-02-19 23:12:39,561:INFO: Creating the datasets...
2018-02-19 23:13:03,305:INFO: - done.
2018-02-19 23:13:03,305:INFO: Loading word embeddings...
2018-02-19 23:13:43,001:INFO: - done.
2018-02-19 23:13:43,001:INFO: Creating the model...
2018-02-19 23:14:44,876:WARNING: From /Users/ericxu0/cs325b/models/deep_learning/lstm_model/model_fn.py:77: softmax_cross_entropy_with_logits (from tensorflow.python.ops.nn_ops) is deprecated and will be removed in a future version.
Instructions for updating:

Future major versions of TensorFlow will allow gradients to flow
into the labels input on backprop by default.

See tf.nn.softmax_cross_entropy_with_logits_v2.

2018-02-19 23:17:57,005:INFO: Creating the datasets...
2018-02-19 23:18:37,009:INFO: - done.
2018-02-19 23:18:37,009:INFO: Loading word embeddings...
2018-02-19 23:19:32,952:INFO: - done.
2018-02-19 23:19:32,952:INFO: Creating the model...
2018-02-19 23:21:13,950:WARNING: From /Users/ericxu0/cs325b/models/deep_learning/lstm_model/model_fn.py:77: softmax_cross_entropy_with_logits (from tensorflow.python.ops.nn_ops) is deprecated and will be removed in a future version.
Instructions for updating:

Future major versions of TensorFlow will allow gradients to flow
into the labels input on backprop by default.

See tf.nn.softmax_cross_entropy_with_logits_v2.

2018-02-19 23:22:54,472:INFO: - done.
2018-02-19 23:22:54,472:INFO: Starting training for 10 epoch(s)
